This is pdfTeX, Version 3.1415926-1.40.11 (Web2C 2010) (format=pdflatex 2012.2.16)  19 NOV 2017 12:35
entering extended mode
 %&-line parsing enabled.
**Dokumentacja.tex
(./Dokumentacja.tex
LaTeX2e <2009/09/24>
Babel <v3.8l> and hyphenation patterns for english, dumylang, nohyphenation, uk
english, usenglishmax, polish, loaded.
(c:/NI/texliveni/alcmd/../2010min/texmf-dist/tex/latex/base/article.cls
Document Class: article 2007/10/19 v1.4h Standard LaTeX document class
(c:/NI/texliveni/alcmd/../2010min/texmf-dist/tex/latex/base/size10.clo
File: size10.clo 2007/10/19 v1.4h Standard LaTeX file (size option)
)
\c@part=\count79
\c@section=\count80
\c@subsection=\count81
\c@subsubsection=\count82
\c@paragraph=\count83
\c@subparagraph=\count84
\c@figure=\count85
\c@table=\count86
\abovecaptionskip=\skip41
\belowcaptionskip=\skip42
\bibindent=\dimen102
)
(c:/NI/texliveni/alcmd/../2010min/texmf-dist/tex/latex/polski/polski.sty
Package: polski 2008/02/24 v1.3.3 Polish language package

Document language package `polski' v1.3.3 <2008/02/24>
   Switching to Polish text encoding and Polish maths fonts.
(c:/NI/texliveni/alcmd/../2010min/texmf-dist/tex/latex/base/ot4enc.def
File: ot4enc.def 2005/09/27 v1.99g Standard LaTeX file
)
LaTeX Font Info:    Try loading font information for OT4+cmr on input line 346.


(c:/NI/texliveni/alcmd/../2010min/texmf-dist/tex/latex/polski/ot4cmr.fd
File: ot4cmr.fd 2008/02/24 v1.2.1 Font defs for fonts PL (MW)
)
LaTeX Font Info:    Overwriting math alphabet `\mathbf' in version `normal'
(Font)                  OT1/cmr/bx/n --> OT4/cmr/bx/n on input line 346.
LaTeX Font Info:    Overwriting math alphabet `\mathsf' in version `normal'
(Font)                  OT1/cmss/m/n --> OT4/cmss/m/n on input line 346.
LaTeX Font Info:    Overwriting math alphabet `\mathit' in version `normal'
(Font)                  OT1/cmr/m/it --> OT4/cmr/m/it on input line 346.
LaTeX Font Info:    Overwriting math alphabet `\mathtt' in version `normal'
(Font)                  OT1/cmtt/m/n --> OT4/cmtt/m/n on input line 346.
LaTeX Font Info:    Overwriting math alphabet `\mathsf' in version `bold'
(Font)                  OT1/cmss/bx/n --> OT4/cmss/bx/n on input line 346.
LaTeX Font Info:    Overwriting math alphabet `\mathit' in version `bold'
(Font)                  OT1/cmr/bx/it --> OT4/cmr/bx/it on input line 346.
LaTeX Font Info:    Encoding `OT1' has changed to `OT4' for symbol font
(Font)              `operators' in the math version `normal' on input line 346.

LaTeX Font Info:    Overwriting symbol font `operators' in version `normal'
(Font)                  OT1/cmr/m/n --> OT4/cmr/m/n on input line 346.
LaTeX Font Info:    Overwriting symbol font `letters' in version `normal'
(Font)                  OML/cmm/m/it --> OML/plm/m/it on input line 346.
LaTeX Font Info:    Overwriting symbol font `symbols' in version `normal'
(Font)                  OMS/cmsy/m/n --> OMS/plsy/m/n on input line 346.
LaTeX Font Info:    Overwriting symbol font `largesymbols' in version `normal'
(Font)                  OMX/cmex/m/n --> OMX/plex/m/n on input line 346.
LaTeX Font Info:    Encoding `OT1' has changed to `OT4' for symbol font
(Font)              `operators' in the math version `bold' on input line 346.
LaTeX Font Info:    Overwriting symbol font `operators' in version `bold'
(Font)                  OT1/cmr/bx/n --> OT4/cmr/bx/n on input line 346.
LaTeX Font Info:    Overwriting symbol font `letters' in version `bold'
(Font)                  OML/cmm/b/it --> OML/plm/b/it on input line 346.
LaTeX Font Info:    Overwriting symbol font `symbols' in version `bold'
(Font)                  OMS/cmsy/b/n --> OMS/plsy/b/n on input line 346.
)
(c:/NI/texliveni/alcmd/../2010min/texmf-dist/tex/latex/base/inputenc.sty
Package: inputenc 2008/03/30 v1.1d Input encoding file
\inpenc@prehook=\toks14
\inpenc@posthook=\toks15

(c:/NI/texliveni/alcmd/../2010min/texmf-dist/tex/latex/base/cp1250.def
File: cp1250.def 2008/03/30 v1.1d Input encoding file
))
(c:/NI/texliveni/alcmd/../2010min/texmf-dist/tex/latex/url/url.sty
\Urlmuskip=\muskip10
Package: url 2006/04/12  ver 3.3  Verb mode for urls, etc.
)
(c:/NI/texliveni/alcmd/../2010min/texmf-dist/tex/latex/tools/indentfirst.sty
Package: indentfirst 1995/11/23 v1.03 Indent first paragraph (DPC)
)
(./Dokumentacja.aux)
\openout1 = `Dokumentacja.aux'.

LaTeX Font Info:    Checking defaults for OML/cmm/m/it on input line 11.
LaTeX Font Info:    ... okay on input line 11.
LaTeX Font Info:    Checking defaults for T1/cmr/m/n on input line 11.
LaTeX Font Info:    ... okay on input line 11.
LaTeX Font Info:    Checking defaults for OT1/cmr/m/n on input line 11.
LaTeX Font Info:    ... okay on input line 11.
LaTeX Font Info:    Checking defaults for OMS/cmsy/m/n on input line 11.
LaTeX Font Info:    ... okay on input line 11.
LaTeX Font Info:    Checking defaults for OMX/cmex/m/n on input line 11.
LaTeX Font Info:    ... okay on input line 11.
LaTeX Font Info:    Checking defaults for U/cmr/m/n on input line 11.
LaTeX Font Info:    ... okay on input line 11.
LaTeX Font Info:    Checking defaults for OT4/cmr/m/n on input line 11.
LaTeX Font Info:    ... okay on input line 11.
LaTeX Font Info:    Try loading font information for OML+plm on input line 14.

(c:/NI/texliveni/alcmd/../2010min/texmf-dist/tex/latex/polski/omlplm.fd
File: omlplm.fd 2008/02/24 v1.2.1 Font defs for fonts PL (MW)
)
LaTeX Font Info:    Try loading font information for OMS+plsy on input line 14.


(c:/NI/texliveni/alcmd/../2010min/texmf-dist/tex/latex/polski/omsplsy.fd
File: omsplsy.fd 2008/02/24 v1.2.1 Font defs for fonts PL (MW)
)
LaTeX Font Info:    Try loading font information for OMX+plex on input line 14.


(c:/NI/texliveni/alcmd/../2010min/texmf-dist/tex/latex/polski/omxplex.fd
File: omxplex.fd 2008/02/24 v1.2.1 Font defs for fonts PL (MW)
)
LaTeX Font Info:    External font `plex10' loaded for size
(Font)              <12> on input line 14.
LaTeX Font Info:    External font `plex10' loaded for size
(Font)              <8> on input line 14.
LaTeX Font Info:    External font `plex10' loaded for size
(Font)              <6> on input line 14.

[1

{c:/NI/texliveni/alcmd/../2010min/texmf-var/fonts/map/pdftex/updmap/pdftex.map}
] (./Dokumentacja.toc
LaTeX Font Info:    External font `plex10' loaded for size
(Font)              <10> on input line 2.
LaTeX Font Info:    External font `plex10' loaded for size
(Font)              <7> on input line 2.
LaTeX Font Info:    External font `plex10' loaded for size
(Font)              <5> on input line 2.
 [1])
\tf@toc=\write3
\openout3 = `Dokumentacja.toc'.

 [2] [3] [4]
LaTeX Font Info:    Try loading font information for OMS+cmr on input line 115.


(c:/NI/texliveni/alcmd/../2010min/texmf-dist/tex/latex/base/omscmr.fd
File: omscmr.fd 1999/05/25 v2.5h Standard LaTeX font definitions
)
LaTeX Font Info:    Font shape `OMS/cmr/m/n' in size <10> not available
(Font)              Font shape `OMS/cmsy/m/n' tried instead on input line 115.
 [5]
[6] [7] [8] [9] [10] [11] [12] [13] [14] [15]
LaTeX Font Info:    Try loading font information for OT4+cmtt on input line 427
.

(c:/NI/texliveni/alcmd/../2010min/texmf-dist/tex/latex/polski/ot4cmtt.fd
File: ot4cmtt.fd 2008/02/24 v1.2.1 Font defs for fonts PL (MW)
)
[16] [17]
Underfull \hbox (badness 10000) in paragraph at lines 494--495
[]$\OT4/cmtt/m/n/10 https : / / agilepainrelief . com / notesfromatooluser / ta
g /
 []

[18] (./Dokumentacja.aux) ) 
Here is how much of TeX's memory you used:
 647 strings out of 494998
 9071 string characters out of 3180792
 58187 words of memory out of 3000000
 3852 multiletter control sequences out of 15000+200000
 15157 words of font info for 42 fonts, out of 3000000 for 9000
 56 hyphenation exceptions out of 8191
 23i,6n,24p,984b,234s stack positions out of 5000i,500n,10000p,200000b,50000s
{c:/NI/texliveni/alcmd/../2010min/texmf-dist/fonts/e
nc/dvips/pl/plmi.enc}{c:/NI/texliveni/alcmd/../2010min/texmf-dist/fonts/enc/dvi
ps/pl/plrm.enc}{c:/NI/texliveni/alcmd/../2010min/texmf-dist/fonts/enc/dvips/pl/
pltt.enc}{c:/NI/texliveni/alcmd/../2010min/texmf-dist/fonts/enc/dvips/pl/plit.e
nc}<c:/NI/texliveni/alcmd/../2010min/texmf-dist/fonts/type1/public/amsfonts/cm/
cmsy10.pfb><c:/NI/texliveni/alcmd/../2010min/texmf-dist/fonts/type1/public/pl/p
lbx10.pfb><c:/NI/texliveni/alcmd/../2010min/texmf-dist/fonts/type1/public/pl/pl
bx12.pfb><c:/NI/texliveni/alcmd/../2010min/texmf-dist/fonts/type1/public/pl/plm
i7.pfb><c:/NI/texliveni/alcmd/../2010min/texmf-dist/fonts/type1/public/pl/plr10
.pfb><c:/NI/texliveni/alcmd/../2010min/texmf-dist/fonts/type1/public/pl/plr7.pf
b><c:/NI/texliveni/alcmd/../2010min/texmf-dist/fonts/type1/public/pl/plti10.pfb
><c:/NI/texliveni/alcmd/../2010min/texmf-dist/fonts/type1/public/pl/plti12.pfb>
<c:/NI/texliveni/alcmd/../2010min/texmf-dist/fonts/type1/public/pl/pltt10.pfb>
Output written on Dokumentacja.pdf (19 pages, 102576 bytes).
PDF statistics:
 106 PDF objects out of 1000 (max. 8388607)
 75 compressed objects within 1 object stream
 0 named destinations out of 1000 (max. 500000)
 1 words of extra memory for PDF output out of 10000 (max. 10000000)

